Vivado Simulator 2019.1
Copyright 1986-1999, 2001-2019 Xilinx, Inc. All Rights Reserved.
Running: /home/it/Xilinx/Vivado/Vivado/2019.1/bin/unwrapped/lnx64.o/xelab -wto d2f9cf4b609642f6aa7dad59b614a378 --incr --debug typical --relax --mt 8 -L xil_defaultlib -L unisims_ver -L unimacro_ver -L secureip --snapshot tb_k2_up_behav xil_defaultlib.tb_k2_up xil_defaultlib.glbl -log elaborate.log 
Using 8 slave threads.
Starting static elaboration
WARNING: [VRFC 10-3091] actual bit length 3 differs from formal bit length 4 for port 'load_data' [/home/it/chip_design/commoncore/digitaldesign/cx-203-debugging-exam-main/k2-up-src-debugged/k2-up-src-debugged.srcs/sources_1/imports/k2-up-src/core.sv:18]
WARNING: [VRFC 10-3091] actual bit length 3 differs from formal bit length 4 for port 'out' [/home/it/chip_design/commoncore/digitaldesign/cx-203-debugging-exam-main/k2-up-src-debugged/k2-up-src-debugged.srcs/sources_1/imports/k2-up-src/core.sv:50]
WARNING: [VRFC 10-3091] actual bit length 1 differs from formal bit length 4 for port 'in1' [/home/it/chip_design/commoncore/digitaldesign/cx-203-debugging-exam-main/k2-up-src-debugged/k2-up-src-debugged.srcs/sources_1/imports/k2-up-src/core.sv:61]
WARNING: [VRFC 10-3091] actual bit length 35 differs from formal bit length 4 for port 'in2' [/home/it/chip_design/commoncore/digitaldesign/cx-203-debugging-exam-main/k2-up-src-debugged/k2-up-src-debugged.srcs/sources_1/imports/k2-up-src/core.sv:62]
WARNING: [VRFC 10-3091] actual bit length 1 differs from formal bit length 4 for port 'out' [/home/it/chip_design/commoncore/digitaldesign/cx-203-debugging-exam-main/k2-up-src-debugged/k2-up-src-debugged.srcs/sources_1/imports/k2-up-src/core.sv:102]
WARNING: [VRFC 10-526] concatenation with unsized literal; will interpret as 32 bits [/home/it/chip_design/commoncore/digitaldesign/cx-203-debugging-exam-main/k2-up-src-debugged/k2-up-src-debugged.srcs/sources_1/imports/k2-up-src/core.sv:62]
Completed static elaboration
Starting simulation data flow analysis
WARNING: [XSIM 43-4099] "/home/it/chip_design/commoncore/digitaldesign/cx-203-debugging-exam-main/k2-up-src-debugged/k2-up-src-debugged.srcs/sources_1/imports/k2-up-src/core.sv" Line 1. Module core doesn't have a timescale but at least one module in design has a timescale.
WARNING: [XSIM 43-4099] "/home/it/chip_design/commoncore/digitaldesign/cx-203-debugging-exam-main/k2-up-src-debugged/k2-up-src-debugged.srcs/sources_1/imports/k2-up-src/counter_n_bit.sv" Line 1. Module counter_n_bit doesn't have a timescale but at least one module in design has a timescale.
WARNING: [XSIM 43-4099] "/home/it/chip_design/commoncore/digitaldesign/cx-203-debugging-exam-main/k2-up-src-debugged/k2-up-src-debugged.srcs/sources_1/imports/k2-up-src/imem.sv" Line 1. Module imem doesn't have a timescale but at least one module in design has a timescale.
WARNING: [XSIM 43-4099] "/home/it/chip_design/commoncore/digitaldesign/cx-203-debugging-exam-main/k2-up-src-debugged/k2-up-src-debugged.srcs/sources_1/imports/k2-up-src/decoder.sv" Line 1. Module decoder doesn't have a timescale but at least one module in design has a timescale.
WARNING: [XSIM 43-4099] "/home/it/chip_design/commoncore/digitaldesign/cx-203-debugging-exam-main/k2-up-src-debugged/k2-up-src-debugged.srcs/sources_1/imports/k2-up-src/2x1mux.sv" Line 1. Module mux2x1 doesn't have a timescale but at least one module in design has a timescale.
WARNING: [XSIM 43-4099] "/home/it/chip_design/commoncore/digitaldesign/cx-203-debugging-exam-main/k2-up-src-debugged/k2-up-src-debugged.srcs/sources_1/imports/k2-up-src/register.sv" Line 1. Module register doesn't have a timescale but at least one module in design has a timescale.
WARNING: [XSIM 43-4099] "/home/it/chip_design/commoncore/digitaldesign/cx-203-debugging-exam-main/k2-up-src-debugged/k2-up-src-debugged.srcs/sources_1/imports/k2-up-src/register.sv" Line 1. Module register doesn't have a timescale but at least one module in design has a timescale.
WARNING: [XSIM 43-4099] "/home/it/chip_design/commoncore/digitaldesign/cx-203-debugging-exam-main/k2-up-src-debugged/k2-up-src-debugged.srcs/sources_1/imports/k2-up-src/register.sv" Line 1. Module register doesn't have a timescale but at least one module in design has a timescale.
WARNING: [XSIM 43-4099] "/home/it/chip_design/commoncore/digitaldesign/cx-203-debugging-exam-main/k2-up-src-debugged/k2-up-src-debugged.srcs/sources_1/imports/k2-up-src/alu.sv" Line 1. Module alu doesn't have a timescale but at least one module in design has a timescale.
WARNING: [XSIM 43-4099] "/home/it/chip_design/commoncore/digitaldesign/cx-203-debugging-exam-main/k2-up-src-debugged/k2-up-src-debugged.srcs/sources_1/imports/k2-up-src/addsub.sv" Line 1. Module addsub doesn't have a timescale but at least one module in design has a timescale.
Completed simulation data flow analysis
Time Resolution for simulation is 1ps
Compiling module xil_defaultlib.counter_n_bit
Compiling module xil_defaultlib.imem
Compiling module xil_defaultlib.decoder
Compiling module xil_defaultlib.mux2x1
Compiling module xil_defaultlib.register
Compiling module xil_defaultlib.addsub
Compiling module xil_defaultlib.alu
Compiling module xil_defaultlib.core
Compiling module xil_defaultlib.tb_k2_up
Compiling module xil_defaultlib.glbl
Built simulation snapshot tb_k2_up_behav
